<?xml version="1.0" encoding="UTF-8"?>
<!-- Generated by org.testng.reporters.JUnitReportReporter -->
<testsuite hostname="Tushar" failures="0" tests="1" name="_5IncludeExclude._2Include" time="0.006" errors="0" timestamp="2022-09-13T22:12:14 IST" skipped="0">
  <testcase classname="_5IncludeExclude._2Include" name="a" time="0.006"/>
  <system-out>
    <![CDATA[a]]>
  </system-out>
</testsuite> <!-- _5IncludeExclude._2Include -->
