<?xml version="1.0" encoding="UTF-8"?>
<!-- Generated by org.testng.reporters.JUnitReportReporter -->
<testsuite hostname="Tushar" failures="0" tests="5" name="_6Parallel._2class" time="0.015" errors="0" timestamp="2022-08-29T18:24:12 IST" skipped="0">
  <testcase classname="_6Parallel._2class" name="g" time="0.008"/>
  <system-out>
    <![CDATA[b]]>
  </system-out>
  <testcase classname="_6Parallel._2class" name="q" time="0.002"/>
  <system-out>
    <![CDATA[m]]>
  </system-out>
  <testcase classname="_6Parallel._2class" name="w" time="0.002"/>
  <system-out>
    <![CDATA[z]]>
  </system-out>
  <testcase classname="_6Parallel._2class" name="v" time="0.002"/>
  <system-out>
    <![CDATA[d]]>
  </system-out>
  <testcase classname="_6Parallel._2class" name="t" time="0.001"/>
  <system-out>
    <![CDATA[a]]>
  </system-out>
</testsuite> <!-- _6Parallel._2class -->
