<?xml version="1.0" encoding="UTF-8"?>
<!-- Generated by org.testng.reporters.JUnitReportReporter -->
<testsuite hostname="Tushar" failures="0" tests="4" name="_1basics._3SetPriority" time="0.013" errors="0" timestamp="2022-08-29T17:59:54 IST" skipped="0">
  <testcase classname="_1basics._3SetPriority" name="g" time="0.010"/>
  <system-out>
    <![CDATA[g]]>
  </system-out>
  <testcase classname="_1basics._3SetPriority" name="m" time="0.001"/>
  <system-out>
    <![CDATA[m]]>
  </system-out>
  <testcase classname="_1basics._3SetPriority" name="h" time="0.001"/>
  <system-out>
    <![CDATA[h]]>
  </system-out>
  <testcase classname="_1basics._3SetPriority" name="d" time="0.001"/>
  <system-out>
    <![CDATA[d]]>
  </system-out>
</testsuite> <!-- _1basics._3SetPriority -->
