<?xml version="1.0" encoding="UTF-8"?>
<!-- Generated by org.testng.reporters.JUnitReportReporter -->
<testsuite hostname="Tushar" failures="0" tests="4" name="_1basics._4enabledfalse" time="0.009" errors="0" timestamp="2022-08-22T13:04:15 IST" skipped="1">
  <testcase classname="_1basics._4enabledfalse" name="m" time="0.001"/>
  <system-out>
    <![CDATA[m]]>
  </system-out>
  <testcase classname="_1basics._4enabledfalse" name="g" time="0.007"/>
  <system-out>
    <![CDATA[g]]>
  </system-out>
  <testcase classname="_1basics._4enabledfalse" name="h" time="0.001"/>
  <system-out>
    <![CDATA[h]]>
  </system-out>
  <testcase classname="_1basics._4enabledfalse" name="d">
    <skipped/>
  </testcase> <!-- d -->
  <system-out/>
</testsuite> <!-- _1basics._4enabledfalse -->
