<?xml version="1.0" encoding="UTF-8"?>
<!-- Generated by org.testng.reporters.JUnitReportReporter -->
<testsuite hostname="Tushar" failures="0" tests="1" name="testNGPractice2._1Basic" time="0.008" errors="0" timestamp="2022-07-31T09:08:35 IST" skipped="0">
  <testcase classname="testNGPractice2._1Basic" name="basic" time="0.008"/>
  <system-out>
    <![CDATA[Testing 1
Testing 2]]>
  </system-out>
</testsuite> <!-- testNGPractice2._1Basic -->
