<?xml version="1.0" encoding="UTF-8"?>
<!-- Generated by org.testng.reporters.JUnitReportReporter -->
<testsuite hostname="Tushar" failures="0" tests="2" name="_7Groups.groups" time="0.008" errors="0" timestamp="2022-08-29T18:25:40 IST" skipped="0">
  <testcase classname="_7Groups.groups" name="d" time="0.001"/>
  <system-out>
    <![CDATA[d]]>
  </system-out>
  <testcase classname="_7Groups.groups" name="b" time="0.007"/>
  <system-out>
    <![CDATA[b]]>
  </system-out>
</testsuite> <!-- _7Groups.groups -->
