<?xml version="1.0" encoding="UTF-8"?>
<!-- Generated by org.testng.reporters.JUnitReportReporter -->
<testsuite hostname="Tushar" failures="0" tests="2" name="_5IncludeExclude._1Exclude" time="0.008" errors="0" timestamp="2022-08-29T18:21:50 IST" skipped="0">
  <testcase classname="_5IncludeExclude._1Exclude" name="a" time="0.007"/>
  <system-out>
    <![CDATA[a]]>
  </system-out>
  <testcase classname="_5IncludeExclude._1Exclude" name="b" time="0.001"/>
  <system-out>
    <![CDATA[b]]>
  </system-out>
</testsuite> <!-- _5IncludeExclude._1Exclude -->
