<?xml version="1.0" encoding="UTF-8"?>
<!-- Generated by org.testng.reporters.JUnitReportReporter -->
<testsuite hostname="Tushar" failures="0" tests="1" name="_1basics._6TestAnnotation" time="0.008" errors="0" timestamp="2022-07-31T10:11:07 IST" skipped="0">
  <testcase classname="_1basics._6TestAnnotation" name="k" time="0.008"/>
  <system-out>
    <![CDATA[k]]>
  </system-out>
</testsuite> <!-- _1basics._6TestAnnotation -->
