<?xml version="1.0" encoding="UTF-8"?>
<!-- Generated by org.testng.reporters.JUnitReportReporter -->
<testsuite hostname="Tushar" failures="0" tests="1" name="parameters.parameters" time="0.008" errors="0" timestamp="2022-08-22T15:44:12 IST" skipped="0">
  <testcase classname="parameters.parameters" name="sum" time="0.008"/>
  <system-out/>
</testsuite> <!-- parameters.parameters -->
