<?xml version="1.0" encoding="UTF-8"?>
<!-- Generated by org.testng.reporters.JUnitReportReporter -->
<testsuite hostname="Tushar" failures="0" tests="6" name="_1basics._5invocationcount" time="0.012" errors="0" timestamp="2022-08-22T13:05:02 IST" skipped="0">
  <testcase classname="_1basics._5invocationcount" name="g" time="0.001"/>
  <system-out>
    <![CDATA[g]]>
  </system-out>
  <testcase classname="_1basics._5invocationcount" name="g" time="0.007"/>
  <system-out>
    <![CDATA[g]]>
  </system-out>
  <testcase classname="_1basics._5invocationcount" name="g" time="0.000"/>
  <system-out>
    <![CDATA[g]]>
  </system-out>
  <testcase classname="_1basics._5invocationcount" name="m" time="0.001"/>
  <system-out>
    <![CDATA[m]]>
  </system-out>
  <testcase classname="_1basics._5invocationcount" name="h" time="0.002"/>
  <system-out>
    <![CDATA[h]]>
  </system-out>
  <testcase classname="_1basics._5invocationcount" name="d" time="0.001"/>
  <system-out>
    <![CDATA[d]]>
  </system-out>
</testsuite> <!-- _1basics._5invocationcount -->
