<?xml version="1.0" encoding="UTF-8"?>
<!-- Generated by org.testng.reporters.JUnitReportReporter -->
<testsuite hostname="Tushar" failures="0" tests="5" name="_6Parallel._1class" time="0.014" errors="0" timestamp="2022-08-29T18:24:12 IST" skipped="0">
  <testcase classname="_6Parallel._1class" name="b" time="0.001"/>
  <system-out>
    <![CDATA[b]]>
  </system-out>
  <testcase classname="_6Parallel._1class" name="m" time="0.002"/>
  <system-out>
    <![CDATA[m]]>
  </system-out>
  <testcase classname="_6Parallel._1class" name="a" time="0.008"/>
  <system-out>
    <![CDATA[a]]>
  </system-out>
  <testcase classname="_6Parallel._1class" name="d" time="0.002"/>
  <system-out>
    <![CDATA[d]]>
  </system-out>
  <testcase classname="_6Parallel._1class" name="z" time="0.001"/>
  <system-out>
    <![CDATA[z]]>
  </system-out>
</testsuite> <!-- _6Parallel._1class -->
