<?xml version="1.0" encoding="UTF-8"?>
<!-- Generated by org.testng.reporters.JUnitReportReporter -->
<testsuite hostname="Tushar" failures="0" tests="2" name="_4DependsOnMethods._3TwoClassDepends" time="0.006" errors="0" timestamp="2022-08-01T12:43:37 IST" skipped="1">
  <testcase classname="_4DependsOnMethods._3TwoClassDepends" name="m1" time="0.006"/>
  <system-out/>
  <testcase classname="_4DependsOnMethods._3TwoClassDepends" name="depends" time="0.000">
    <skipped/>
  </testcase> <!-- depends -->
  <system-out/>
</testsuite> <!-- _4DependsOnMethods._3TwoClassDepends -->
